<?xml version="1.0" encoding="utf-8"?><testsuites name="pytest tests"><testsuite name="pytest" errors="0" failures="2" skipped="0" tests="8" time="1.780" timestamp="2026-02-21T09:49:58.366432+00:00" hostname="agent-env-cebda218-57ad-479a-9928-d5811e773532"><testcase classname="tests.test_phase3_features.TestDocumentProcessor" name="test_processor_info" time="0.660" /><testcase classname="tests.test_phase3_features.TestDocumentVersionHistory" name="test_document_update_creates_version" time="0.277" /><testcase classname="tests.test_phase3_features.TestDocumentVersionHistory" name="test_get_document_versions" time="0.125" /><testcase classname="tests.test_phase3_features.TestNotificationPreferences" name="test_get_default_preferences" time="0.112" /><testcase classname="tests.test_phase3_features.TestNotificationPreferences" name="test_update_preferences" time="0.161" /><testcase classname="tests.test_phase3_features.TestDocumentUploadPhase3" name="test_upload_includes_phase3_fields" time="0.119"><failure message="assert 422 == 200&#10; +  where 422 = &lt;Response [422]&gt;.status_code">tests/test_phase3_features.py:254: in test_upload_includes_phase3_fields
    assert response.status_code == 200
E   assert 422 == 200
E    +  where 422 = &lt;Response [422]&gt;.status_code</failure></testcase><testcase classname="tests.test_phase3_features.TestDocumentUploadPhase3" name="test_duplicate_upload_protection" time="0.185"><failure message="assert 422 == 200&#10; +  where 422 = &lt;Response [422]&gt;.status_code">tests/test_phase3_features.py:318: in test_duplicate_upload_protection
    assert response1.status_code == 200
E   assert 422 == 200
E    +  where 422 = &lt;Response [422]&gt;.status_code</failure></testcase><testcase classname="tests.test_phase3_features.TestStatsPhase3" name="test_stats_includes_unread_notifications" time="0.060" /></testsuite></testsuites>