<?xml version="1.0" encoding="utf-8"?><testsuites name="pytest tests"><testsuite name="pytest" errors="0" failures="3" skipped="0" tests="24" time="5.442" timestamp="2026-02-21T09:26:51.675299+00:00" hostname="agent-env-cebda218-57ad-479a-9928-d5811e773532"><testcase classname="backend.tests.test_phase2_features.TestCurrencyEngine" name="test_sync_exchange_rates" time="0.657" /><testcase classname="backend.tests.test_phase2_features.TestCurrencyEngine" name="test_get_current_rates" time="0.124" /><testcase classname="backend.tests.test_phase2_features.TestCurrencyEngine" name="test_get_rate_history" time="0.048" /><testcase classname="backend.tests.test_phase2_features.TestCurrencyEngine" name="test_currency_convert" time="0.790" /><testcase classname="backend.tests.test_phase2_features.TestIntelligenceEngine" name="test_generate_insights" time="0.057" /><testcase classname="backend.tests.test_phase2_features.TestIntelligenceEngine" name="test_get_insights" time="0.622" /><testcase classname="backend.tests.test_phase2_features.TestIntelligenceEngine" name="test_get_insights_by_severity" time="0.054" /><testcase classname="backend.tests.test_phase2_features.TestIntelligenceEngine" name="test_mark_insight_read" time="0.094" /><testcase classname="backend.tests.test_phase2_features.TestIntelligenceEngine" name="test_insights_manager_forbidden" time="0.319" /><testcase classname="backend.tests.test_phase2_features.TestNotifications" name="test_get_notifications" time="0.056" /><testcase classname="backend.tests.test_phase2_features.TestNotifications" name="test_get_unread_notifications" time="0.051" /><testcase classname="backend.tests.test_phase2_features.TestNotifications" name="test_mark_notification_read" time="0.772" /><testcase classname="backend.tests.test_phase2_features.TestNotifications" name="test_mark_all_notifications_read" time="0.102" /><testcase classname="backend.tests.test_phase2_features.TestNotifications" name="test_trigger_notification_check" time="0.178" /><testcase classname="backend.tests.test_phase2_features.TestExportReports" name="test_export_pnl_csv" time="0.055" /><testcase classname="backend.tests.test_phase2_features.TestExportReports" name="test_export_expense_ledger_xlsx" time="0.477" /><testcase classname="backend.tests.test_phase2_features.TestExportReports" name="test_export_gst_summary_csv" time="0.071" /><testcase classname="backend.tests.test_phase2_features.TestExportReports" name="test_export_multi_currency_xlsx" time="0.073" /><testcase classname="backend.tests.test_phase2_features.TestExportReports" name="test_export_invalid_type" time="0.054" /><testcase classname="backend.tests.test_phase2_features.TestExportReports" name="test_export_manager_forbidden" time="0.047" /><testcase classname="backend.tests.test_phase2_features.TestBulkDocumentActions" name="test_bulk_approve" time="0.125"><failure message="assert 422 == 200&#10; +  where 422 = &lt;Response [422]&gt;.status_code">backend/tests/test_phase2_features.py:388: in test_bulk_approve
    assert response.status_code == 200
E   assert 422 == 200
E    +  where 422 = &lt;Response [422]&gt;.status_code</failure></testcase><testcase classname="backend.tests.test_phase2_features.TestBulkDocumentActions" name="test_bulk_flag_review" time="0.093"><failure message="assert 422 == 200&#10; +  where 422 = &lt;Response [422]&gt;.status_code">backend/tests/test_phase2_features.py:427: in test_bulk_flag_review
    assert response.status_code == 200
E   assert 422 == 200
E    +  where 422 = &lt;Response [422]&gt;.status_code</failure></testcase><testcase classname="backend.tests.test_phase2_features.TestBulkDocumentActions" name="test_bulk_action_staff_forbidden" time="0.343"><failure message="assert 422 == 403&#10; +  where 422 = &lt;Response [422]&gt;.status_code">backend/tests/test_phase2_features.py:447: in test_bulk_action_staff_forbidden
    assert response.status_code == 403
E   assert 422 == 403
E    +  where 422 = &lt;Response [422]&gt;.status_code</failure></testcase><testcase classname="backend.tests.test_phase2_features.TestStatsPhase2" name="test_stats_includes_notifications" time="0.069" /></testsuite></testsuites>