<?xml version="1.0" encoding="utf-8"?><testsuites name="pytest tests"><testsuite name="pytest" errors="8" failures="0" skipped="0" tests="8" time="0.070" timestamp="2026-02-21T09:48:59.499829+00:00" hostname="agent-env-cebda218-57ad-479a-9928-d5811e773532"><testcase classname="tests.test_phase3_features.TestDocumentProcessor" name="test_processor_info" time="0.000"><error message="failed on setup with &quot;RuntimeError: EXPO_PUBLIC_BACKEND_URL not set in environment&quot;">tests/conftest.py:10: in base_url
    raise RuntimeError("EXPO_PUBLIC_BACKEND_URL not set in environment")
E   RuntimeError: EXPO_PUBLIC_BACKEND_URL not set in environment</error></testcase><testcase classname="tests.test_phase3_features.TestDocumentVersionHistory" name="test_document_update_creates_version" time="0.000"><error message="failed on setup with &quot;RuntimeError: EXPO_PUBLIC_BACKEND_URL not set in environment&quot;">tests/conftest.py:10: in base_url
    raise RuntimeError("EXPO_PUBLIC_BACKEND_URL not set in environment")
E   RuntimeError: EXPO_PUBLIC_BACKEND_URL not set in environment</error></testcase><testcase classname="tests.test_phase3_features.TestDocumentVersionHistory" name="test_get_document_versions" time="0.000"><error message="failed on setup with &quot;RuntimeError: EXPO_PUBLIC_BACKEND_URL not set in environment&quot;">tests/conftest.py:10: in base_url
    raise RuntimeError("EXPO_PUBLIC_BACKEND_URL not set in environment")
E   RuntimeError: EXPO_PUBLIC_BACKEND_URL not set in environment</error></testcase><testcase classname="tests.test_phase3_features.TestNotificationPreferences" name="test_get_default_preferences" time="0.000"><error message="failed on setup with &quot;RuntimeError: EXPO_PUBLIC_BACKEND_URL not set in environment&quot;">tests/conftest.py:10: in base_url
    raise RuntimeError("EXPO_PUBLIC_BACKEND_URL not set in environment")
E   RuntimeError: EXPO_PUBLIC_BACKEND_URL not set in environment</error></testcase><testcase classname="tests.test_phase3_features.TestNotificationPreferences" name="test_update_preferences" time="0.000"><error message="failed on setup with &quot;RuntimeError: EXPO_PUBLIC_BACKEND_URL not set in environment&quot;">tests/conftest.py:10: in base_url
    raise RuntimeError("EXPO_PUBLIC_BACKEND_URL not set in environment")
E   RuntimeError: EXPO_PUBLIC_BACKEND_URL not set in environment</error></testcase><testcase classname="tests.test_phase3_features.TestDocumentUploadPhase3" name="test_upload_includes_phase3_fields" time="0.000"><error message="failed on setup with &quot;RuntimeError: EXPO_PUBLIC_BACKEND_URL not set in environment&quot;">tests/conftest.py:10: in base_url
    raise RuntimeError("EXPO_PUBLIC_BACKEND_URL not set in environment")
E   RuntimeError: EXPO_PUBLIC_BACKEND_URL not set in environment</error></testcase><testcase classname="tests.test_phase3_features.TestDocumentUploadPhase3" name="test_duplicate_upload_protection" time="0.000"><error message="failed on setup with &quot;RuntimeError: EXPO_PUBLIC_BACKEND_URL not set in environment&quot;">tests/conftest.py:10: in base_url
    raise RuntimeError("EXPO_PUBLIC_BACKEND_URL not set in environment")
E   RuntimeError: EXPO_PUBLIC_BACKEND_URL not set in environment</error></testcase><testcase classname="tests.test_phase3_features.TestStatsPhase3" name="test_stats_includes_unread_notifications" time="0.000"><error message="failed on setup with &quot;RuntimeError: EXPO_PUBLIC_BACKEND_URL not set in environment&quot;">tests/conftest.py:10: in base_url
    raise RuntimeError("EXPO_PUBLIC_BACKEND_URL not set in environment")
E   RuntimeError: EXPO_PUBLIC_BACKEND_URL not set in environment</error></testcase></testsuite></testsuites>