<?xml version="1.0" encoding="utf-8"?><testsuites name="pytest tests"><testsuite name="pytest" errors="0" failures="3" skipped="0" tests="24" time="5.767" timestamp="2026-02-21T09:25:57.434618+00:00" hostname="agent-env-cebda218-57ad-479a-9928-d5811e773532"><testcase classname="backend.tests.test_phase2_features.TestCurrencyEngine" name="test_sync_exchange_rates" time="0.744" /><testcase classname="backend.tests.test_phase2_features.TestCurrencyEngine" name="test_get_current_rates" time="0.120" /><testcase classname="backend.tests.test_phase2_features.TestCurrencyEngine" name="test_get_rate_history" time="0.053" /><testcase classname="backend.tests.test_phase2_features.TestCurrencyEngine" name="test_currency_convert" time="0.761" /><testcase classname="backend.tests.test_phase2_features.TestIntelligenceEngine" name="test_generate_insights" time="0.061" /><testcase classname="backend.tests.test_phase2_features.TestIntelligenceEngine" name="test_get_insights" time="0.616" /><testcase classname="backend.tests.test_phase2_features.TestIntelligenceEngine" name="test_get_insights_by_severity" time="0.048" /><testcase classname="backend.tests.test_phase2_features.TestIntelligenceEngine" name="test_mark_insight_read" time="0.098" /><testcase classname="backend.tests.test_phase2_features.TestIntelligenceEngine" name="test_insights_manager_forbidden" time="0.331" /><testcase classname="backend.tests.test_phase2_features.TestNotifications" name="test_get_notifications" time="0.054" /><testcase classname="backend.tests.test_phase2_features.TestNotifications" name="test_get_unread_notifications" time="0.050" /><testcase classname="backend.tests.test_phase2_features.TestNotifications" name="test_mark_notification_read" time="0.736" /><testcase classname="backend.tests.test_phase2_features.TestNotifications" name="test_mark_all_notifications_read" time="0.102" /><testcase classname="backend.tests.test_phase2_features.TestNotifications" name="test_trigger_notification_check" time="0.056" /><testcase classname="backend.tests.test_phase2_features.TestExportReports" name="test_export_pnl_csv" time="0.058" /><testcase classname="backend.tests.test_phase2_features.TestExportReports" name="test_export_expense_ledger_xlsx" time="0.970" /><testcase classname="backend.tests.test_phase2_features.TestExportReports" name="test_export_gst_summary_csv" time="0.061" /><testcase classname="backend.tests.test_phase2_features.TestExportReports" name="test_export_multi_currency_xlsx" time="0.064" /><testcase classname="backend.tests.test_phase2_features.TestExportReports" name="test_export_invalid_type" time="0.052" /><testcase classname="backend.tests.test_phase2_features.TestExportReports" name="test_export_manager_forbidden" time="0.053" /><testcase classname="backend.tests.test_phase2_features.TestBulkDocumentActions" name="test_bulk_approve" time="0.105"><failure message="assert 422 == 200&#10; +  where 422 = &lt;Response [422]&gt;.status_code">backend/tests/test_phase2_features.py:387: in test_bulk_approve
    assert response.status_code == 200
E   assert 422 == 200
E    +  where 422 = &lt;Response [422]&gt;.status_code</failure></testcase><testcase classname="backend.tests.test_phase2_features.TestBulkDocumentActions" name="test_bulk_flag_review" time="0.096"><failure message="assert 422 == 200&#10; +  where 422 = &lt;Response [422]&gt;.status_code">backend/tests/test_phase2_features.py:425: in test_bulk_flag_review
    assert response.status_code == 200
E   assert 422 == 200
E    +  where 422 = &lt;Response [422]&gt;.status_code</failure></testcase><testcase classname="backend.tests.test_phase2_features.TestBulkDocumentActions" name="test_bulk_action_staff_forbidden" time="0.332"><failure message="assert 422 == 403&#10; +  where 422 = &lt;Response [422]&gt;.status_code">backend/tests/test_phase2_features.py:444: in test_bulk_action_staff_forbidden
    assert response.status_code == 403
E   assert 422 == 403
E    +  where 422 = &lt;Response [422]&gt;.status_code</failure></testcase><testcase classname="backend.tests.test_phase2_features.TestStatsPhase2" name="test_stats_includes_notifications" time="0.081" /></testsuite></testsuites>