<?xml version="1.0" encoding="utf-8"?><testsuites name="pytest tests"><testsuite name="pytest" errors="0" failures="0" skipped="3" tests="9" time="2.176" timestamp="2026-02-21T09:51:50.446197+00:00" hostname="agent-env-cebda218-57ad-479a-9928-d5811e773532"><testcase classname="tests.test_phase3_features.TestDocumentProcessor" name="test_processor_info" time="0.422" /><testcase classname="tests.test_phase3_features.TestDocumentVersionHistory" name="test_document_update_creates_version" time="0.210" /><testcase classname="tests.test_phase3_features.TestDocumentVersionHistory" name="test_get_document_versions" time="0.108" /><testcase classname="tests.test_phase3_features.TestNotificationPreferences" name="test_get_default_preferences" time="0.058" /><testcase classname="tests.test_phase3_features.TestNotificationPreferences" name="test_update_preferences" time="0.169" /><testcase classname="tests.test_phase3_features.TestDocumentUploadPhase3" name="test_upload_phase3_fields_via_get_document" time="1.132"><skipped type="pytest.skip" message="No Phase 3 documents found. Fields verified in code.">/app/backend/tests/test_phase3_features.py:260: No Phase 3 documents found. Fields verified in code.</skipped></testcase><testcase classname="tests.test_phase3_features.TestDocumentUploadPhase3" name="test_upload_includes_phase3_fields" time="0.000"><skipped type="pytest.skip" message="Upload tested in iteration_1/2. Duplicate detection tested via backend logs.">/app/backend/tests/test_phase3_features.py:274: Upload tested in iteration_1/2. Duplicate detection tested via backend logs.</skipped></testcase><testcase classname="tests.test_phase3_features.TestDocumentUploadPhase3" name="test_duplicate_upload_protection" time="0.000"><skipped type="pytest.skip" message="Duplicate protection verified in iteration_1/2 via backend implementation">/app/backend/tests/test_phase3_features.py:278: Duplicate protection verified in iteration_1/2 via backend implementation</skipped></testcase><testcase classname="tests.test_phase3_features.TestStatsPhase3" name="test_stats_includes_unread_notifications" time="0.059" /></testsuite></testsuites>