<?xml version="1.0" encoding="utf-8"?><testsuites name="pytest tests"><testsuite name="pytest" errors="0" failures="0" skipped="0" tests="24" time="5.139" timestamp="2026-02-21T09:28:14.038953+00:00" hostname="agent-env-cebda218-57ad-479a-9928-d5811e773532"><testcase classname="backend.tests.test_phase2_features.TestCurrencyEngine" name="test_sync_exchange_rates" time="0.702" /><testcase classname="backend.tests.test_phase2_features.TestCurrencyEngine" name="test_get_current_rates" time="0.118" /><testcase classname="backend.tests.test_phase2_features.TestCurrencyEngine" name="test_get_rate_history" time="0.050" /><testcase classname="backend.tests.test_phase2_features.TestCurrencyEngine" name="test_currency_convert" time="0.756" /><testcase classname="backend.tests.test_phase2_features.TestIntelligenceEngine" name="test_generate_insights" time="0.065" /><testcase classname="backend.tests.test_phase2_features.TestIntelligenceEngine" name="test_get_insights" time="0.603" /><testcase classname="backend.tests.test_phase2_features.TestIntelligenceEngine" name="test_get_insights_by_severity" time="0.049" /><testcase classname="backend.tests.test_phase2_features.TestIntelligenceEngine" name="test_mark_insight_read" time="0.099" /><testcase classname="backend.tests.test_phase2_features.TestIntelligenceEngine" name="test_insights_manager_forbidden" time="0.330" /><testcase classname="backend.tests.test_phase2_features.TestNotifications" name="test_get_notifications" time="0.049" /><testcase classname="backend.tests.test_phase2_features.TestNotifications" name="test_get_unread_notifications" time="0.052" /><testcase classname="backend.tests.test_phase2_features.TestNotifications" name="test_mark_notification_read" time="0.651" /><testcase classname="backend.tests.test_phase2_features.TestNotifications" name="test_mark_all_notifications_read" time="0.096" /><testcase classname="backend.tests.test_phase2_features.TestNotifications" name="test_trigger_notification_check" time="0.049" /><testcase classname="backend.tests.test_phase2_features.TestExportReports" name="test_export_pnl_csv" time="0.050" /><testcase classname="backend.tests.test_phase2_features.TestExportReports" name="test_export_expense_ledger_xlsx" time="0.246" /><testcase classname="backend.tests.test_phase2_features.TestExportReports" name="test_export_gst_summary_csv" time="0.060" /><testcase classname="backend.tests.test_phase2_features.TestExportReports" name="test_export_multi_currency_xlsx" time="0.064" /><testcase classname="backend.tests.test_phase2_features.TestExportReports" name="test_export_invalid_type" time="0.045" /><testcase classname="backend.tests.test_phase2_features.TestExportReports" name="test_export_manager_forbidden" time="0.046" /><testcase classname="backend.tests.test_phase2_features.TestBulkDocumentActions" name="test_bulk_approve" time="0.246" /><testcase classname="backend.tests.test_phase2_features.TestBulkDocumentActions" name="test_bulk_flag_review" time="0.157" /><testcase classname="backend.tests.test_phase2_features.TestBulkDocumentActions" name="test_bulk_action_staff_forbidden" time="0.435" /><testcase classname="backend.tests.test_phase2_features.TestStatsPhase2" name="test_stats_includes_notifications" time="0.057" /></testsuite></testsuites>