<?xml version="1.0" encoding="utf-8"?><testsuites name="pytest tests"><testsuite name="pytest" errors="0" failures="0" skipped="0" tests="23" time="3.562" timestamp="2026-02-21T09:00:14.478573+00:00" hostname="agent-env-cebda218-57ad-479a-9928-d5811e773532"><testcase classname="tests.test_api_comprehensive.TestHealthCheck" name="test_api_root" time="0.246" /><testcase classname="tests.test_api_comprehensive.TestAuthentication" name="test_login_owner_success" time="0.277" /><testcase classname="tests.test_api_comprehensive.TestAuthentication" name="test_login_manager_success" time="0.284" /><testcase classname="tests.test_api_comprehensive.TestAuthentication" name="test_login_staff_success" time="0.270" /><testcase classname="tests.test_api_comprehensive.TestAuthentication" name="test_login_accounts_success" time="0.268" /><testcase classname="tests.test_api_comprehensive.TestAuthentication" name="test_login_invalid_credentials" time="0.050" /><testcase classname="tests.test_api_comprehensive.TestAuthentication" name="test_get_me" time="0.313" /><testcase classname="tests.test_api_comprehensive.TestDashboardGlobal" name="test_global_dashboard_owner" time="0.054" /><testcase classname="tests.test_api_comprehensive.TestDashboardGlobal" name="test_global_dashboard_manager_forbidden" time="0.317" /><testcase classname="tests.test_api_comprehensive.TestDashboardOutlet" name="test_outlet_dashboard_manager" time="0.104" /><testcase classname="tests.test_api_comprehensive.TestDocuments" name="test_list_documents" time="0.051" /><testcase classname="tests.test_api_comprehensive.TestDocuments" name="test_get_document_by_id" time="0.303" /><testcase classname="tests.test_api_comprehensive.TestDocuments" name="test_review_queue_owner" time="0.049" /><testcase classname="tests.test_api_comprehensive.TestDocuments" name="test_review_queue_staff_forbidden" time="0.320" /><testcase classname="tests.test_api_comprehensive.TestDocuments" name="test_update_document" time="0.168" /><testcase classname="tests.test_api_comprehensive.TestSuppliers" name="test_list_suppliers" time="0.050" /><testcase classname="tests.test_api_comprehensive.TestOutlets" name="test_list_outlets_owner" time="0.043" /><testcase classname="tests.test_api_comprehensive.TestOutlets" name="test_list_outlets_manager_scoped" time="0.049" /><testcase classname="tests.test_api_comprehensive.TestCalendar" name="test_calendar_compliance" time="0.095" /><testcase classname="tests.test_api_comprehensive.TestStats" name="test_stats" time="0.045" /><testcase classname="tests.test_api_comprehensive.TestUsers" name="test_list_users_owner" time="0.056" /><testcase classname="tests.test_api_comprehensive.TestUsers" name="test_list_users_staff_forbidden" time="0.044" /><testcase classname="tests.test_api_comprehensive.TestOrganization" name="test_get_organization" time="0.047" /></testsuite></testsuites>